<?xml version="1.0" encoding="UTF-8"?>
<testsuite xmlns:xsi="http://www.w3.org/2001/XMLSchema-instance" xsi:noNamespaceSchemaLocation="https://maven.apache.org/surefire/maven-surefire-plugin/xsd/surefire-test-report-3.0.xsd" version="3.0" name="exchange.core2.core.orderbook.OrderBookNaiveImplExchangeTest" time="0.357" tests="36" errors="0" skipped="0" failures="0">
  <properties>
    <property name="gopherProxySet" value="false"/>
    <property name="awt.toolkit" value="sun.lwawt.macosx.LWCToolkit"/>
    <property name="file.encoding.pkg" value="sun.io"/>
    <property name="java.specification.version" value="1.8"/>
    <property name="sun.cpu.isalist" value=""/>
    <property name="sun.jnu.encoding" value="UTF-8"/>
    <property name="java.class.path" value="/Users/kelvinmusodza/Desktop/Coreledger/Axum-matching-engine/target/test-classes:/Users/kelvinmusodza/Desktop/Coreledger/Axum-matching-engine/target/classes:/Users/kelvinmusodza/.m2/repository/net/java/dev/jna/jna-platform/5.11.0/jna-platform-5.11.0.jar:/Users/kelvinmusodza/.m2/repository/org/springframework/spring-web/4.3.11.RELEASE/spring-web-4.3.11.RELEASE.jar:/Users/kelvinmusodza/.m2/repository/org/springframework/spring-aop/4.3.11.RELEASE/spring-aop-4.3.11.RELEASE.jar:/Users/kelvinmusodza/.m2/repository/org/springframework/spring-beans/4.3.11.RELEASE/spring-beans-4.3.11.RELEASE.jar:/Users/kelvinmusodza/.m2/repository/org/springframework/spring-context/4.3.11.RELEASE/spring-context-4.3.11.RELEASE.jar:/Users/kelvinmusodza/.m2/repository/org/springframework/spring-expression/4.3.11.RELEASE/spring-expression-4.3.11.RELEASE.jar:/Users/kelvinmusodza/.m2/repository/org/springframework/spring-core/4.3.11.RELEASE/spring-core-4.3.11.RELEASE.jar:/Users/kelvinmusodza/.m2/repository/commons-logging/commons-logging/1.2/commons-logging-1.2.jar:/Users/kelvinmusodza/.m2/repository/com/sparkjava/spark-core/2.9.3/spark-core-2.9.3.jar:/Users/kelvinmusodza/.m2/repository/org/eclipse/jetty/jetty-server/9.4.31.v20200723/jetty-server-9.4.31.v20200723.jar:/Users/kelvinmusodza/.m2/repository/javax/servlet/javax.servlet-api/3.1.0/javax.servlet-api-3.1.0.jar:/Users/kelvinmusodza/.m2/repository/org/eclipse/jetty/jetty-http/9.4.31.v20200723/jetty-http-9.4.31.v20200723.jar:/Users/kelvinmusodza/.m2/repository/org/eclipse/jetty/jetty-util/9.4.31.v20200723/jetty-util-9.4.31.v20200723.jar:/Users/kelvinmusodza/.m2/repository/org/eclipse/jetty/jetty-io/9.4.31.v20200723/jetty-io-9.4.31.v20200723.jar:/Users/kelvinmusodza/.m2/repository/org/eclipse/jetty/jetty-webapp/9.4.31.v20200723/jetty-webapp-9.4.31.v20200723.jar:/Users/kelvinmusodza/.m2/repository/org/eclipse/jetty/jetty-xml/9.4.31.v20200723/jetty-xml-9.4.31.v20200723.jar:/Users/kelvinmusodza/.m2/repository/org/eclipse/jetty/jetty-servlet/9.4.31.v20200723/jetty-servlet-9.4.31.v20200723.jar:/Users/kelvinmusodza/.m2/repository/org/eclipse/jetty/jetty-security/9.4.31.v20200723/jetty-security-9.4.31.v20200723.jar:/Users/kelvinmusodza/.m2/repository/org/eclipse/jetty/websocket/websocket-server/9.4.31.v20200723/websocket-server-9.4.31.v20200723.jar:/Users/kelvinmusodza/.m2/repository/org/eclipse/jetty/websocket/websocket-common/9.4.31.v20200723/websocket-common-9.4.31.v20200723.jar:/Users/kelvinmusodza/.m2/repository/org/eclipse/jetty/websocket/websocket-client/9.4.31.v20200723/websocket-client-9.4.31.v20200723.jar:/Users/kelvinmusodza/.m2/repository/org/eclipse/jetty/jetty-client/9.4.31.v20200723/jetty-client-9.4.31.v20200723.jar:/Users/kelvinmusodza/.m2/repository/org/eclipse/jetty/websocket/websocket-servlet/9.4.31.v20200723/websocket-servlet-9.4.31.v20200723.jar:/Users/kelvinmusodza/.m2/repository/org/eclipse/jetty/websocket/websocket-api/9.4.31.v20200723/websocket-api-9.4.31.v20200723.jar:/Users/kelvinmusodza/.m2/repository/net/java/dev/jna/jna/5.11.0/jna-5.11.0.jar:/Users/kelvinmusodza/.m2/repository/exchange/core2/collections/0.5.1/collections-0.5.1.jar:/Users/kelvinmusodza/.m2/repository/com/lmax/disruptor/3.4.2/disruptor-3.4.2.jar:/Users/kelvinmusodza/.m2/repository/org/projectlombok/lombok/1.18.24/lombok-1.18.24.jar:/Users/kelvinmusodza/.m2/repository/org/apache/logging/log4j/log4j-slf4j-impl/2.19.0/log4j-slf4j-impl-2.19.0.jar:/Users/kelvinmusodza/.m2/repository/org/apache/logging/log4j/log4j-api/2.19.0/log4j-api-2.19.0.jar:/Users/kelvinmusodza/.m2/repository/org/apache/logging/log4j/log4j-core/2.19.0/log4j-core-2.19.0.jar:/Users/kelvinmusodza/.m2/repository/org/slf4j/slf4j-api/1.7.36/slf4j-api-1.7.36.jar:/Users/kelvinmusodza/.m2/repository/org/slf4j/slf4j-simple/1.7.36/slf4j-simple-1.7.36.jar:/Users/kelvinmusodza/.m2/repository/net/openhft/affinity/3.2.2/affinity-3.2.2.jar:/Users/kelvinmusodza/.m2/repository/com/intellij/annotations/12.0/annotations-12.0.jar:/Users/kelvinmusodza/.m2/repository/net/openhft/chronicle-wire/2.19.1/chronicle-wire-2.19.1.jar:/Users/kelvinmusodza/.m2/repository/net/openhft/chronicle-bytes/2.19.1/chronicle-bytes-2.19.1.jar:/Users/kelvinmusodza/.m2/repository/net/openhft/chronicle-core/2.19.0/chronicle-core-2.19.0.jar:/Users/kelvinmusodza/.m2/repository/org/jetbrains/annotations/17.0.0/annotations-17.0.0.jar:/Users/kelvinmusodza/.m2/repository/net/openhft/chronicle-threads/2.19.2/chronicle-threads-2.19.2.jar:/Users/kelvinmusodza/.m2/repository/net/openhft/compiler/2.3.5/compiler-2.3.5.jar:/Users/kelvinmusodza/.m2/repository/org/agrona/agrona/1.15.1/agrona-1.15.1.jar:/Users/kelvinmusodza/.m2/repository/org/eclipse/collections/eclipse-collections-api/11.0.0/eclipse-collections-api-11.0.0.jar:/Users/kelvinmusodza/.m2/repository/org/eclipse/collections/eclipse-collections/11.0.0/eclipse-collections-11.0.0.jar:/Users/kelvinmusodza/.m2/repository/org/lz4/lz4-java/1.8.0/lz4-java-1.8.0.jar:/Users/kelvinmusodza/.m2/repository/com/paritytrading/juncture/juncture-nasdaq/1.0.0/juncture-nasdaq-1.0.0.jar:/Users/kelvinmusodza/.m2/repository/com/paritytrading/foundation/foundation/1.0.0/foundation-1.0.0.jar:/Users/kelvinmusodza/.m2/repository/com/paritytrading/nassau/nassau-core/1.0.0/nassau-core-1.0.0.jar:/Users/kelvinmusodza/.m2/repository/com/paritytrading/nassau/nassau-util/1.0.0/nassau-util-1.0.0.jar:/Users/kelvinmusodza/.m2/repository/org/mockito/mockito-junit-jupiter/4.5.1/mockito-junit-jupiter-4.5.1.jar:/Users/kelvinmusodza/.m2/repository/org/junit/jupiter/junit-jupiter-api/5.8.2/junit-jupiter-api-5.8.2.jar:/Users/kelvinmusodza/.m2/repository/org/opentest4j/opentest4j/1.2.0/opentest4j-1.2.0.jar:/Users/kelvinmusodza/.m2/repository/org/junit/platform/junit-platform-commons/1.8.2/junit-platform-commons-1.8.2.jar:/Users/kelvinmusodza/.m2/repository/org/hdrhistogram/HdrHistogram/2.1.12/HdrHistogram-2.1.12.jar:/Users/kelvinmusodza/.m2/repository/ch/qos/logback/logback-classic/1.2.11/logback-classic-1.2.11.jar:/Users/kelvinmusodza/.m2/repository/ch/qos/logback/logback-core/1.2.11/logback-core-1.2.11.jar:/Users/kelvinmusodza/.m2/repository/com/google/guava/guava/31.1-jre/guava-31.1-jre.jar:/Users/kelvinmusodza/.m2/repository/com/google/guava/failureaccess/1.0.1/failureaccess-1.0.1.jar:/Users/kelvinmusodza/.m2/repository/com/google/guava/listenablefuture/9999.0-empty-to-avoid-conflict-with-guava/listenablefuture-9999.0-empty-to-avoid-conflict-with-guava.jar:/Users/kelvinmusodza/.m2/repository/com/google/code/findbugs/jsr305/3.0.2/jsr305-3.0.2.jar:/Users/kelvinmusodza/.m2/repository/org/checkerframework/checker-qual/3.12.0/checker-qual-3.12.0.jar:/Users/kelvinmusodza/.m2/repository/com/google/errorprone/error_prone_annotations/2.11.0/error_prone_annotations-2.11.0.jar:/Users/kelvinmusodza/.m2/repository/com/google/j2objc/j2objc-annotations/1.3/j2objc-annotations-1.3.jar:/Users/kelvinmusodza/.m2/repository/com/google/code/gson/gson/2.11.0/gson-2.11.0.jar:/Users/kelvinmusodza/.m2/repository/org/apache/commons/commons-lang3/3.12.0/commons-lang3-3.12.0.jar:/Users/kelvinmusodza/.m2/repository/org/apache/commons/commons-math3/3.6.1/commons-math3-3.6.1.jar:/Users/kelvinmusodza/.m2/repository/org/junit/jupiter/junit-jupiter-engine/5.8.2/junit-jupiter-engine-5.8.2.jar:/Users/kelvinmusodza/.m2/repository/org/junit/platform/junit-platform-engine/1.8.2/junit-platform-engine-1.8.2.jar:/Users/kelvinmusodza/.m2/repository/org/apiguardian/apiguardian-api/1.1.2/apiguardian-api-1.1.2.jar:/Users/kelvinmusodza/.m2/repository/org/mockito/mockito-core/4.5.1/mockito-core-4.5.1.jar:/Users/kelvinmusodza/.m2/repository/net/bytebuddy/byte-buddy/1.12.9/byte-buddy-1.12.9.jar:/Users/kelvinmusodza/.m2/repository/net/bytebuddy/byte-buddy-agent/1.12.9/byte-buddy-agent-1.12.9.jar:/Users/kelvinmusodza/.m2/repository/org/objenesis/objenesis/3.2/objenesis-3.2.jar:/Users/kelvinmusodza/.m2/repository/org/hamcrest/hamcrest-library/1.3/hamcrest-library-1.3.jar:/Users/kelvinmusodza/.m2/repository/org/hamcrest/hamcrest-core/1.3/hamcrest-core-1.3.jar:/Users/kelvinmusodza/.m2/repository/io/cucumber/cucumber-java8/7.2.3/cucumber-java8-7.2.3.jar:/Users/kelvinmusodza/.m2/repository/io/cucumber/cucumber-core/7.2.3/cucumber-core-7.2.3.jar:/Users/kelvinmusodza/.m2/repository/io/cucumber/cucumber-gherkin/7.2.3/cucumber-gherkin-7.2.3.jar:/Users/kelvinmusodza/.m2/repository/io/cucumber/cucumber-gherkin-messages/7.2.3/cucumber-gherkin-messages-7.2.3.jar:/Users/kelvinmusodza/.m2/repository/io/cucumber/messages/17.1.1/messages-17.1.1.jar:/Users/kelvinmusodza/.m2/repository/io/cucumber/tag-expressions/4.1.0/tag-expressions-4.1.0.jar:/Users/kelvinmusodza/.m2/repository/io/cucumber/cucumber-expressions/15.0.1/cucumber-expressions-15.0.1.jar:/Users/kelvinmusodza/.m2/repository/io/cucumber/datatable/7.2.3/datatable-7.2.3.jar:/Users/kelvinmusodza/.m2/repository/io/cucumber/cucumber-plugin/7.2.3/cucumber-plugin-7.2.3.jar:/Users/kelvinmusodza/.m2/repository/io/cucumber/docstring/7.2.3/docstring-7.2.3.jar:/Users/kelvinmusodza/.m2/repository/io/cucumber/html-formatter/17.0.0/html-formatter-17.0.0.jar:/Users/kelvinmusodza/.m2/repository/io/cucumber/ci-environment/8.1.0/ci-environment-8.1.0.jar:/Users/kelvinmusodza/.m2/repository/net/jodah/typetools/0.6.3/typetools-0.6.3.jar:/Users/kelvinmusodza/.m2/repository/io/cucumber/cucumber-junit-platform-engine/7.2.3/cucumber-junit-platform-engine-7.2.3.jar:/Users/kelvinmusodza/.m2/repository/org/junit/platform/junit-platform-suite/1.8.2/junit-platform-suite-1.8.2.jar:/Users/kelvinmusodza/.m2/repository/org/junit/platform/junit-platform-suite-api/1.8.2/junit-platform-suite-api-1.8.2.jar:/Users/kelvinmusodza/.m2/repository/org/junit/platform/junit-platform-suite-engine/1.8.2/junit-platform-suite-engine-1.8.2.jar:/Users/kelvinmusodza/.m2/repository/org/junit/platform/junit-platform-suite-commons/1.8.2/junit-platform-suite-commons-1.8.2.jar:/Users/kelvinmusodza/.m2/repository/org/junit/platform/junit-platform-launcher/1.8.2/junit-platform-launcher-1.8.2.jar:/Users/kelvinmusodza/.m2/repository/io/cucumber/cucumber-picocontainer/7.2.3/cucumber-picocontainer-7.2.3.jar:/Users/kelvinmusodza/.m2/repository/org/picocontainer/picocontainer/2.15/picocontainer-2.15.jar:/Users/kelvinmusodza/.m2/repository/org/quickfixj/quickfixj-all/2.3.1/quickfixj-all-2.3.1.jar:/Users/kelvinmusodza/.m2/repository/org/quickfixj/quickfixj-core/2.3.1/quickfixj-core-2.3.1.jar:/Users/kelvinmusodza/.m2/repository/org/apache/mina/mina-core/2.1.4/mina-core-2.1.4.jar:/Users/kelvinmusodza/.m2/repository/org/quickfixj/quickfixj-messages-all/2.3.1/quickfixj-messages-all-2.3.1.jar:/Users/kelvinmusodza/.m2/repository/org/quickfixj/quickfixj-codegenerator/2.3.1/quickfixj-codegenerator-2.3.1.jar:/Users/kelvinmusodza/.m2/repository/org/apache/maven/maven-plugin-api/3.8.1/maven-plugin-api-3.8.1.jar:/Users/kelvinmusodza/.m2/repository/org/apache/maven/maven-model/3.8.1/maven-model-3.8.1.jar:/Users/kelvinmusodza/.m2/repository/org/apache/maven/maven-artifact/3.8.1/maven-artifact-3.8.1.jar:/Users/kelvinmusodza/.m2/repository/org/eclipse/sisu/org.eclipse.sisu.plexus/0.3.4/org.eclipse.sisu.plexus-0.3.4.jar:/Users/kelvinmusodza/.m2/repository/javax/enterprise/cdi-api/1.0/cdi-api-1.0.jar:/Users/kelvinmusodza/.m2/repository/javax/annotation/jsr250-api/1.0/jsr250-api-1.0.jar:/Users/kelvinmusodza/.m2/repository/javax/inject/javax.inject/1/javax.inject-1.jar:/Users/kelvinmusodza/.m2/repository/org/eclipse/sisu/org.eclipse.sisu.inject/0.3.4/org.eclipse.sisu.inject-0.3.4.jar:/Users/kelvinmusodza/.m2/repository/org/codehaus/plexus/plexus-component-annotations/1.5.5/plexus-component-annotations-1.5.5.jar:/Users/kelvinmusodza/.m2/repository/org/codehaus/plexus/plexus-utils/3.2.1/plexus-utils-3.2.1.jar:/Users/kelvinmusodza/.m2/repository/org/codehaus/plexus/plexus-classworlds/2.6.0/plexus-classworlds-2.6.0.jar:/Users/kelvinmusodza/.m2/repository/org/apache/maven/maven-project/2.2.1/maven-project-2.2.1.jar:/Users/kelvinmusodza/.m2/repository/org/apache/maven/maven-settings/2.2.1/maven-settings-2.2.1.jar:/Users/kelvinmusodza/.m2/repository/org/apache/maven/maven-profile/2.2.1/maven-profile-2.2.1.jar:/Users/kelvinmusodza/.m2/repository/org/apache/maven/maven-artifact-manager/2.2.1/maven-artifact-manager-2.2.1.jar:/Users/kelvinmusodza/.m2/repository/org/apache/maven/maven-repository-metadata/2.2.1/maven-repository-metadata-2.2.1.jar:/Users/kelvinmusodza/.m2/repository/org/apache/maven/wagon/wagon-provider-api/1.0-beta-6/wagon-provider-api-1.0-beta-6.jar:/Users/kelvinmusodza/.m2/repository/backport-util-concurrent/backport-util-concurrent/3.1/backport-util-concurrent-3.1.jar:/Users/kelvinmusodza/.m2/repository/org/apache/maven/maven-plugin-registry/2.2.1/maven-plugin-registry-2.2.1.jar:/Users/kelvinmusodza/.m2/repository/org/codehaus/plexus/plexus-interpolation/1.11/plexus-interpolation-1.11.jar:/Users/kelvinmusodza/.m2/repository/org/codehaus/plexus/plexus-container-default/1.0-alpha-9-stable-1/plexus-container-default-1.0-alpha-9-stable-1.jar:/Users/kelvinmusodza/.m2/repository/junit/junit/3.8.1/junit-3.8.1.jar:/Users/kelvinmusodza/.m2/repository/classworlds/classworlds/1.1-alpha-2/classworlds-1.1-alpha-2.jar:/Users/kelvinmusodza/.m2/repository/net/sf/saxon/Saxon-HE/9.8.0-4/Saxon-HE-9.8.0-4.jar:/Users/kelvinmusodza/.m2/repository/org/quickfixj/quickfixj-dictgenerator/2.3.1/quickfixj-dictgenerator-2.3.1.jar:/Users/kelvinmusodza/.m2/repository/jaxen/jaxen/1.2.0/jaxen-1.2.0.jar:"/>
    <property name="java.vm.vendor" value="Amazon.com Inc."/>
    <property name="sun.arch.data.model" value="64"/>
    <property name="java.vendor.url" value="https://aws.amazon.com/corretto/"/>
    <property name="user.timezone" value=""/>
    <property name="java.vm.specification.version" value="1.8"/>
    <property name="os.name" value="Mac OS X"/>
    <property name="user.country" value="CA"/>
    <property name="sun.java.launcher" value="SUN_STANDARD"/>
    <property name="sun.boot.library.path" value="/Users/kelvinmusodza/Library/Java/JavaVirtualMachines/corretto-1.8.0_432/Contents/Home/jre/lib"/>
    <property name="sun.java.command" value="/Users/kelvinmusodza/Desktop/Coreledger/Axum-matching-engine/target/surefire/surefirebooter2115555616633174001.jar /Users/kelvinmusodza/Desktop/Coreledger/Axum-matching-engine/target/surefire 2024-10-22T23-49-51_136-jvmRun1 surefire2571963162121365199tmp surefire_0429224001019015532tmp"/>
    <property name="http.nonProxyHosts" value="local|*.local|169.254/16|*.169.254/16"/>
    <property name="surefire.test.class.path" value="/Users/kelvinmusodza/Desktop/Coreledger/Axum-matching-engine/target/test-classes:/Users/kelvinmusodza/Desktop/Coreledger/Axum-matching-engine/target/classes:/Users/kelvinmusodza/.m2/repository/net/java/dev/jna/jna-platform/5.11.0/jna-platform-5.11.0.jar:/Users/kelvinmusodza/.m2/repository/org/springframework/spring-web/4.3.11.RELEASE/spring-web-4.3.11.RELEASE.jar:/Users/kelvinmusodza/.m2/repository/org/springframework/spring-aop/4.3.11.RELEASE/spring-aop-4.3.11.RELEASE.jar:/Users/kelvinmusodza/.m2/repository/org/springframework/spring-beans/4.3.11.RELEASE/spring-beans-4.3.11.RELEASE.jar:/Users/kelvinmusodza/.m2/repository/org/springframework/spring-context/4.3.11.RELEASE/spring-context-4.3.11.RELEASE.jar:/Users/kelvinmusodza/.m2/repository/org/springframework/spring-expression/4.3.11.RELEASE/spring-expression-4.3.11.RELEASE.jar:/Users/kelvinmusodza/.m2/repository/org/springframework/spring-core/4.3.11.RELEASE/spring-core-4.3.11.RELEASE.jar:/Users/kelvinmusodza/.m2/repository/commons-logging/commons-logging/1.2/commons-logging-1.2.jar:/Users/kelvinmusodza/.m2/repository/com/sparkjava/spark-core/2.9.3/spark-core-2.9.3.jar:/Users/kelvinmusodza/.m2/repository/org/eclipse/jetty/jetty-server/9.4.31.v20200723/jetty-server-9.4.31.v20200723.jar:/Users/kelvinmusodza/.m2/repository/javax/servlet/javax.servlet-api/3.1.0/javax.servlet-api-3.1.0.jar:/Users/kelvinmusodza/.m2/repository/org/eclipse/jetty/jetty-http/9.4.31.v20200723/jetty-http-9.4.31.v20200723.jar:/Users/kelvinmusodza/.m2/repository/org/eclipse/jetty/jetty-util/9.4.31.v20200723/jetty-util-9.4.31.v20200723.jar:/Users/kelvinmusodza/.m2/repository/org/eclipse/jetty/jetty-io/9.4.31.v20200723/jetty-io-9.4.31.v20200723.jar:/Users/kelvinmusodza/.m2/repository/org/eclipse/jetty/jetty-webapp/9.4.31.v20200723/jetty-webapp-9.4.31.v20200723.jar:/Users/kelvinmusodza/.m2/repository/org/eclipse/jetty/jetty-xml/9.4.31.v20200723/jetty-xml-9.4.31.v20200723.jar:/Users/kelvinmusodza/.m2/repository/org/eclipse/jetty/jetty-servlet/9.4.31.v20200723/jetty-servlet-9.4.31.v20200723.jar:/Users/kelvinmusodza/.m2/repository/org/eclipse/jetty/jetty-security/9.4.31.v20200723/jetty-security-9.4.31.v20200723.jar:/Users/kelvinmusodza/.m2/repository/org/eclipse/jetty/websocket/websocket-server/9.4.31.v20200723/websocket-server-9.4.31.v20200723.jar:/Users/kelvinmusodza/.m2/repository/org/eclipse/jetty/websocket/websocket-common/9.4.31.v20200723/websocket-common-9.4.31.v20200723.jar:/Users/kelvinmusodza/.m2/repository/org/eclipse/jetty/websocket/websocket-client/9.4.31.v20200723/websocket-client-9.4.31.v20200723.jar:/Users/kelvinmusodza/.m2/repository/org/eclipse/jetty/jetty-client/9.4.31.v20200723/jetty-client-9.4.31.v20200723.jar:/Users/kelvinmusodza/.m2/repository/org/eclipse/jetty/websocket/websocket-servlet/9.4.31.v20200723/websocket-servlet-9.4.31.v20200723.jar:/Users/kelvinmusodza/.m2/repository/org/eclipse/jetty/websocket/websocket-api/9.4.31.v20200723/websocket-api-9.4.31.v20200723.jar:/Users/kelvinmusodza/.m2/repository/net/java/dev/jna/jna/5.11.0/jna-5.11.0.jar:/Users/kelvinmusodza/.m2/repository/exchange/core2/collections/0.5.1/collections-0.5.1.jar:/Users/kelvinmusodza/.m2/repository/com/lmax/disruptor/3.4.2/disruptor-3.4.2.jar:/Users/kelvinmusodza/.m2/repository/org/projectlombok/lombok/1.18.24/lombok-1.18.24.jar:/Users/kelvinmusodza/.m2/repository/org/apache/logging/log4j/log4j-slf4j-impl/2.19.0/log4j-slf4j-impl-2.19.0.jar:/Users/kelvinmusodza/.m2/repository/org/apache/logging/log4j/log4j-api/2.19.0/log4j-api-2.19.0.jar:/Users/kelvinmusodza/.m2/repository/org/apache/logging/log4j/log4j-core/2.19.0/log4j-core-2.19.0.jar:/Users/kelvinmusodza/.m2/repository/org/slf4j/slf4j-api/1.7.36/slf4j-api-1.7.36.jar:/Users/kelvinmusodza/.m2/repository/org/slf4j/slf4j-simple/1.7.36/slf4j-simple-1.7.36.jar:/Users/kelvinmusodza/.m2/repository/net/openhft/affinity/3.2.2/affinity-3.2.2.jar:/Users/kelvinmusodza/.m2/repository/com/intellij/annotations/12.0/annotations-12.0.jar:/Users/kelvinmusodza/.m2/repository/net/openhft/chronicle-wire/2.19.1/chronicle-wire-2.19.1.jar:/Users/kelvinmusodza/.m2/repository/net/openhft/chronicle-bytes/2.19.1/chronicle-bytes-2.19.1.jar:/Users/kelvinmusodza/.m2/repository/net/openhft/chronicle-core/2.19.0/chronicle-core-2.19.0.jar:/Users/kelvinmusodza/.m2/repository/org/jetbrains/annotations/17.0.0/annotations-17.0.0.jar:/Users/kelvinmusodza/.m2/repository/net/openhft/chronicle-threads/2.19.2/chronicle-threads-2.19.2.jar:/Users/kelvinmusodza/.m2/repository/net/openhft/compiler/2.3.5/compiler-2.3.5.jar:/Users/kelvinmusodza/.m2/repository/org/agrona/agrona/1.15.1/agrona-1.15.1.jar:/Users/kelvinmusodza/.m2/repository/org/eclipse/collections/eclipse-collections-api/11.0.0/eclipse-collections-api-11.0.0.jar:/Users/kelvinmusodza/.m2/repository/org/eclipse/collections/eclipse-collections/11.0.0/eclipse-collections-11.0.0.jar:/Users/kelvinmusodza/.m2/repository/org/lz4/lz4-java/1.8.0/lz4-java-1.8.0.jar:/Users/kelvinmusodza/.m2/repository/com/paritytrading/juncture/juncture-nasdaq/1.0.0/juncture-nasdaq-1.0.0.jar:/Users/kelvinmusodza/.m2/repository/com/paritytrading/foundation/foundation/1.0.0/foundation-1.0.0.jar:/Users/kelvinmusodza/.m2/repository/com/paritytrading/nassau/nassau-core/1.0.0/nassau-core-1.0.0.jar:/Users/kelvinmusodza/.m2/repository/com/paritytrading/nassau/nassau-util/1.0.0/nassau-util-1.0.0.jar:/Users/kelvinmusodza/.m2/repository/org/mockito/mockito-junit-jupiter/4.5.1/mockito-junit-jupiter-4.5.1.jar:/Users/kelvinmusodza/.m2/repository/org/junit/jupiter/junit-jupiter-api/5.8.2/junit-jupiter-api-5.8.2.jar:/Users/kelvinmusodza/.m2/repository/org/opentest4j/opentest4j/1.2.0/opentest4j-1.2.0.jar:/Users/kelvinmusodza/.m2/repository/org/junit/platform/junit-platform-commons/1.8.2/junit-platform-commons-1.8.2.jar:/Users/kelvinmusodza/.m2/repository/org/hdrhistogram/HdrHistogram/2.1.12/HdrHistogram-2.1.12.jar:/Users/kelvinmusodza/.m2/repository/ch/qos/logback/logback-classic/1.2.11/logback-classic-1.2.11.jar:/Users/kelvinmusodza/.m2/repository/ch/qos/logback/logback-core/1.2.11/logback-core-1.2.11.jar:/Users/kelvinmusodza/.m2/repository/com/google/guava/guava/31.1-jre/guava-31.1-jre.jar:/Users/kelvinmusodza/.m2/repository/com/google/guava/failureaccess/1.0.1/failureaccess-1.0.1.jar:/Users/kelvinmusodza/.m2/repository/com/google/guava/listenablefuture/9999.0-empty-to-avoid-conflict-with-guava/listenablefuture-9999.0-empty-to-avoid-conflict-with-guava.jar:/Users/kelvinmusodza/.m2/repository/com/google/code/findbugs/jsr305/3.0.2/jsr305-3.0.2.jar:/Users/kelvinmusodza/.m2/repository/org/checkerframework/checker-qual/3.12.0/checker-qual-3.12.0.jar:/Users/kelvinmusodza/.m2/repository/com/google/errorprone/error_prone_annotations/2.11.0/error_prone_annotations-2.11.0.jar:/Users/kelvinmusodza/.m2/repository/com/google/j2objc/j2objc-annotations/1.3/j2objc-annotations-1.3.jar:/Users/kelvinmusodza/.m2/repository/com/google/code/gson/gson/2.11.0/gson-2.11.0.jar:/Users/kelvinmusodza/.m2/repository/org/apache/commons/commons-lang3/3.12.0/commons-lang3-3.12.0.jar:/Users/kelvinmusodza/.m2/repository/org/apache/commons/commons-math3/3.6.1/commons-math3-3.6.1.jar:/Users/kelvinmusodza/.m2/repository/org/junit/jupiter/junit-jupiter-engine/5.8.2/junit-jupiter-engine-5.8.2.jar:/Users/kelvinmusodza/.m2/repository/org/junit/platform/junit-platform-engine/1.8.2/junit-platform-engine-1.8.2.jar:/Users/kelvinmusodza/.m2/repository/org/apiguardian/apiguardian-api/1.1.2/apiguardian-api-1.1.2.jar:/Users/kelvinmusodza/.m2/repository/org/mockito/mockito-core/4.5.1/mockito-core-4.5.1.jar:/Users/kelvinmusodza/.m2/repository/net/bytebuddy/byte-buddy/1.12.9/byte-buddy-1.12.9.jar:/Users/kelvinmusodza/.m2/repository/net/bytebuddy/byte-buddy-agent/1.12.9/byte-buddy-agent-1.12.9.jar:/Users/kelvinmusodza/.m2/repository/org/objenesis/objenesis/3.2/objenesis-3.2.jar:/Users/kelvinmusodza/.m2/repository/org/hamcrest/hamcrest-library/1.3/hamcrest-library-1.3.jar:/Users/kelvinmusodza/.m2/repository/org/hamcrest/hamcrest-core/1.3/hamcrest-core-1.3.jar:/Users/kelvinmusodza/.m2/repository/io/cucumber/cucumber-java8/7.2.3/cucumber-java8-7.2.3.jar:/Users/kelvinmusodza/.m2/repository/io/cucumber/cucumber-core/7.2.3/cucumber-core-7.2.3.jar:/Users/kelvinmusodza/.m2/repository/io/cucumber/cucumber-gherkin/7.2.3/cucumber-gherkin-7.2.3.jar:/Users/kelvinmusodza/.m2/repository/io/cucumber/cucumber-gherkin-messages/7.2.3/cucumber-gherkin-messages-7.2.3.jar:/Users/kelvinmusodza/.m2/repository/io/cucumber/messages/17.1.1/messages-17.1.1.jar:/Users/kelvinmusodza/.m2/repository/io/cucumber/tag-expressions/4.1.0/tag-expressions-4.1.0.jar:/Users/kelvinmusodza/.m2/repository/io/cucumber/cucumber-expressions/15.0.1/cucumber-expressions-15.0.1.jar:/Users/kelvinmusodza/.m2/repository/io/cucumber/datatable/7.2.3/datatable-7.2.3.jar:/Users/kelvinmusodza/.m2/repository/io/cucumber/cucumber-plugin/7.2.3/cucumber-plugin-7.2.3.jar:/Users/kelvinmusodza/.m2/repository/io/cucumber/docstring/7.2.3/docstring-7.2.3.jar:/Users/kelvinmusodza/.m2/repository/io/cucumber/html-formatter/17.0.0/html-formatter-17.0.0.jar:/Users/kelvinmusodza/.m2/repository/io/cucumber/ci-environment/8.1.0/ci-environment-8.1.0.jar:/Users/kelvinmusodza/.m2/repository/net/jodah/typetools/0.6.3/typetools-0.6.3.jar:/Users/kelvinmusodza/.m2/repository/io/cucumber/cucumber-junit-platform-engine/7.2.3/cucumber-junit-platform-engine-7.2.3.jar:/Users/kelvinmusodza/.m2/repository/org/junit/platform/junit-platform-suite/1.8.2/junit-platform-suite-1.8.2.jar:/Users/kelvinmusodza/.m2/repository/org/junit/platform/junit-platform-suite-api/1.8.2/junit-platform-suite-api-1.8.2.jar:/Users/kelvinmusodza/.m2/repository/org/junit/platform/junit-platform-suite-engine/1.8.2/junit-platform-suite-engine-1.8.2.jar:/Users/kelvinmusodza/.m2/repository/org/junit/platform/junit-platform-suite-commons/1.8.2/junit-platform-suite-commons-1.8.2.jar:/Users/kelvinmusodza/.m2/repository/org/junit/platform/junit-platform-launcher/1.8.2/junit-platform-launcher-1.8.2.jar:/Users/kelvinmusodza/.m2/repository/io/cucumber/cucumber-picocontainer/7.2.3/cucumber-picocontainer-7.2.3.jar:/Users/kelvinmusodza/.m2/repository/org/picocontainer/picocontainer/2.15/picocontainer-2.15.jar:/Users/kelvinmusodza/.m2/repository/org/quickfixj/quickfixj-all/2.3.1/quickfixj-all-2.3.1.jar:/Users/kelvinmusodza/.m2/repository/org/quickfixj/quickfixj-core/2.3.1/quickfixj-core-2.3.1.jar:/Users/kelvinmusodza/.m2/repository/org/apache/mina/mina-core/2.1.4/mina-core-2.1.4.jar:/Users/kelvinmusodza/.m2/repository/org/quickfixj/quickfixj-messages-all/2.3.1/quickfixj-messages-all-2.3.1.jar:/Users/kelvinmusodza/.m2/repository/org/quickfixj/quickfixj-codegenerator/2.3.1/quickfixj-codegenerator-2.3.1.jar:/Users/kelvinmusodza/.m2/repository/org/apache/maven/maven-plugin-api/3.8.1/maven-plugin-api-3.8.1.jar:/Users/kelvinmusodza/.m2/repository/org/apache/maven/maven-model/3.8.1/maven-model-3.8.1.jar:/Users/kelvinmusodza/.m2/repository/org/apache/maven/maven-artifact/3.8.1/maven-artifact-3.8.1.jar:/Users/kelvinmusodza/.m2/repository/org/eclipse/sisu/org.eclipse.sisu.plexus/0.3.4/org.eclipse.sisu.plexus-0.3.4.jar:/Users/kelvinmusodza/.m2/repository/javax/enterprise/cdi-api/1.0/cdi-api-1.0.jar:/Users/kelvinmusodza/.m2/repository/javax/annotation/jsr250-api/1.0/jsr250-api-1.0.jar:/Users/kelvinmusodza/.m2/repository/javax/inject/javax.inject/1/javax.inject-1.jar:/Users/kelvinmusodza/.m2/repository/org/eclipse/sisu/org.eclipse.sisu.inject/0.3.4/org.eclipse.sisu.inject-0.3.4.jar:/Users/kelvinmusodza/.m2/repository/org/codehaus/plexus/plexus-component-annotations/1.5.5/plexus-component-annotations-1.5.5.jar:/Users/kelvinmusodza/.m2/repository/org/codehaus/plexus/plexus-utils/3.2.1/plexus-utils-3.2.1.jar:/Users/kelvinmusodza/.m2/repository/org/codehaus/plexus/plexus-classworlds/2.6.0/plexus-classworlds-2.6.0.jar:/Users/kelvinmusodza/.m2/repository/org/apache/maven/maven-project/2.2.1/maven-project-2.2.1.jar:/Users/kelvinmusodza/.m2/repository/org/apache/maven/maven-settings/2.2.1/maven-settings-2.2.1.jar:/Users/kelvinmusodza/.m2/repository/org/apache/maven/maven-profile/2.2.1/maven-profile-2.2.1.jar:/Users/kelvinmusodza/.m2/repository/org/apache/maven/maven-artifact-manager/2.2.1/maven-artifact-manager-2.2.1.jar:/Users/kelvinmusodza/.m2/repository/org/apache/maven/maven-repository-metadata/2.2.1/maven-repository-metadata-2.2.1.jar:/Users/kelvinmusodza/.m2/repository/org/apache/maven/wagon/wagon-provider-api/1.0-beta-6/wagon-provider-api-1.0-beta-6.jar:/Users/kelvinmusodza/.m2/repository/backport-util-concurrent/backport-util-concurrent/3.1/backport-util-concurrent-3.1.jar:/Users/kelvinmusodza/.m2/repository/org/apache/maven/maven-plugin-registry/2.2.1/maven-plugin-registry-2.2.1.jar:/Users/kelvinmusodza/.m2/repository/org/codehaus/plexus/plexus-interpolation/1.11/plexus-interpolation-1.11.jar:/Users/kelvinmusodza/.m2/repository/org/codehaus/plexus/plexus-container-default/1.0-alpha-9-stable-1/plexus-container-default-1.0-alpha-9-stable-1.jar:/Users/kelvinmusodza/.m2/repository/junit/junit/3.8.1/junit-3.8.1.jar:/Users/kelvinmusodza/.m2/repository/classworlds/classworlds/1.1-alpha-2/classworlds-1.1-alpha-2.jar:/Users/kelvinmusodza/.m2/repository/net/sf/saxon/Saxon-HE/9.8.0-4/Saxon-HE-9.8.0-4.jar:/Users/kelvinmusodza/.m2/repository/org/quickfixj/quickfixj-dictgenerator/2.3.1/quickfixj-dictgenerator-2.3.1.jar:/Users/kelvinmusodza/.m2/repository/jaxen/jaxen/1.2.0/jaxen-1.2.0.jar:"/>
    <property name="sun.cpu.endian" value="little"/>
    <property name="user.home" value="/Users/kelvinmusodza"/>
    <property name="user.language" value="en"/>
    <property name="java.specification.vendor" value="Oracle Corporation"/>
    <property name="java.home" value="/Users/kelvinmusodza/Library/Java/JavaVirtualMachines/corretto-1.8.0_432/Contents/Home/jre"/>
    <property name="basedir" value="/Users/kelvinmusodza/Desktop/Coreledger/Axum-matching-engine"/>
    <property name="file.separator" value="/"/>
    <property name="line.separator" value="&#10;"/>
    <property name="java.vm.specification.vendor" value="Oracle Corporation"/>
    <property name="java.specification.name" value="Java Platform API Specification"/>
    <property name="java.awt.graphicsenv" value="sun.awt.CGraphicsEnvironment"/>
    <property name="surefire.real.class.path" value="/Users/kelvinmusodza/Desktop/Coreledger/Axum-matching-engine/target/surefire/surefirebooter2115555616633174001.jar"/>
    <property name="sun.boot.class.path" value="/Users/kelvinmusodza/Library/Java/JavaVirtualMachines/corretto-1.8.0_432/Contents/Home/jre/lib/resources.jar:/Users/kelvinmusodza/Library/Java/JavaVirtualMachines/corretto-1.8.0_432/Contents/Home/jre/lib/rt.jar:/Users/kelvinmusodza/Library/Java/JavaVirtualMachines/corretto-1.8.0_432/Contents/Home/jre/lib/sunrsasign.jar:/Users/kelvinmusodza/Library/Java/JavaVirtualMachines/corretto-1.8.0_432/Contents/Home/jre/lib/jsse.jar:/Users/kelvinmusodza/Library/Java/JavaVirtualMachines/corretto-1.8.0_432/Contents/Home/jre/lib/jce.jar:/Users/kelvinmusodza/Library/Java/JavaVirtualMachines/corretto-1.8.0_432/Contents/Home/jre/lib/charsets.jar:/Users/kelvinmusodza/Library/Java/JavaVirtualMachines/corretto-1.8.0_432/Contents/Home/jre/lib/jfr.jar:/Users/kelvinmusodza/Library/Java/JavaVirtualMachines/corretto-1.8.0_432/Contents/Home/jre/classes"/>
    <property name="sun.management.compiler" value="HotSpot 64-Bit Tiered Compilers"/>
    <property name="ftp.nonProxyHosts" value="local|*.local|169.254/16|*.169.254/16"/>
    <property name="java.runtime.version" value="1.8.0_432-b06"/>
    <property name="user.name" value="kelvinmusodza"/>
    <property name="path.separator" value=":"/>
    <property name="os.version" value="15.0.1"/>
    <property name="java.endorsed.dirs" value="/Users/kelvinmusodza/Library/Java/JavaVirtualMachines/corretto-1.8.0_432/Contents/Home/jre/lib/endorsed"/>
    <property name="java.runtime.name" value="OpenJDK Runtime Environment"/>
    <property name="file.encoding" value="UTF-8"/>
    <property name="java.vm.name" value="OpenJDK 64-Bit Server VM"/>
    <property name="localRepository" value="/Users/kelvinmusodza/.m2/repository"/>
    <property name="java.vendor.url.bug" value="https://github.com/corretto/corretto-8/issues/"/>
    <property name="java.io.tmpdir" value="/var/folders/70/vclh80d11jg7_vy5p76fpv6r0000gn/T/"/>
    <property name="idea.version" value="2024.2.3"/>
    <property name="java.version" value="1.8.0_432"/>
    <property name="user.dir" value="/Users/kelvinmusodza/Desktop/Coreledger/Axum-matching-engine"/>
    <property name="os.arch" value="aarch64"/>
    <property name="java.vm.specification.name" value="Java Virtual Machine Specification"/>
    <property name="java.awt.printerjob" value="sun.lwawt.macosx.CPrinterJob"/>
    <property name="sun.os.patch.level" value="unknown"/>
    <property name="java.library.path" value="/Users/kelvinmusodza/Library/Java/Extensions:/Library/Java/Extensions:/Network/Library/Java/Extensions:/System/Library/Java/Extensions:/usr/lib/java:."/>
    <property name="java.vm.info" value="mixed mode"/>
    <property name="java.vendor" value="Amazon.com Inc."/>
    <property name="java.vm.version" value="25.432-b06"/>
    <property name="java.specification.maintenance.version" value="6"/>
    <property name="java.ext.dirs" value="/Users/kelvinmusodza/Library/Java/Extensions:/Users/kelvinmusodza/Library/Java/JavaVirtualMachines/corretto-1.8.0_432/Contents/Home/jre/lib/ext:/Library/Java/Extensions:/Network/Library/Java/Extensions:/System/Library/Java/Extensions:/usr/lib/java"/>
    <property name="sun.io.unicode.encoding" value="UnicodeBig"/>
    <property name="java.class.version" value="52.0"/>
    <property name="socksNonProxyHosts" value="local|*.local|169.254/16|*.169.254/16"/>
  </properties>
  <testcase name="shouldRemoveBidOrder" classname="exchange.core2.core.orderbook.OrderBookNaiveImplExchangeTest" time="0"/>
  <testcase name="shouldReturnErrorWhenDeletingOtherUserOrder" classname="exchange.core2.core.orderbook.OrderBookNaiveImplExchangeTest" time="0"/>
  <testcase name="shouldReturnErrorWhenUpdatingOtherUserOrder" classname="exchange.core2.core.orderbook.OrderBookNaiveImplExchangeTest" time="0"/>
  <testcase name="shouldRejectFokAskOrderBelowExpectation" classname="exchange.core2.core.orderbook.OrderBookNaiveImplExchangeTest" time="0"/>
  <testcase name="shouldReduceBidOrder" classname="exchange.core2.core.orderbook.OrderBookNaiveImplExchangeTest" time="0"/>
  <testcase name="shouldPartiallyMatchMarketableGtcOrderAndPlace" classname="exchange.core2.core.orderbook.OrderBookNaiveImplExchangeTest" time="0"/>
  <testcase name="shouldMoveOrderNewBucket" classname="exchange.core2.core.orderbook.OrderBookNaiveImplExchangeTest" time="0"/>
  <testcase name="shouldMatchIocOrderFullLiquidity" classname="exchange.core2.core.orderbook.OrderBookNaiveImplExchangeTest" time="0"/>
  <testcase name="shouldReturnErrorWhenUpdatingUnknownOrder" classname="exchange.core2.core.orderbook.OrderBookNaiveImplExchangeTest" time="0"/>
  <testcase name="shouldReturnErrorWhenReducingByZeroOrNegativeSize" classname="exchange.core2.core.orderbook.OrderBookNaiveImplExchangeTest" time="0"/>
  <testcase name="shouldFullyMatchMarketableGtcOrderWithAllLiquidity" classname="exchange.core2.core.orderbook.OrderBookNaiveImplExchangeTest" time="0"/>
  <testcase name="shouldMatchIocOrderFullBBO" classname="exchange.core2.core.orderbook.OrderBookNaiveImplExchangeTest" time="0"/>
  <testcase name="shouldInitializeWithoutErrors" classname="exchange.core2.core.orderbook.OrderBookNaiveImplExchangeTest" time="0"/>
  <testcase name="shouldMoveOrderMatchesAllLiquidity" classname="exchange.core2.core.orderbook.OrderBookNaiveImplExchangeTest" time="0"/>
  <testcase name="shouldReturnErrorWhenDeletingUnknownOrder" classname="exchange.core2.core.orderbook.OrderBookNaiveImplExchangeTest" time="0"/>
  <testcase name="shouldMatchIocOrderPartialBBO" classname="exchange.core2.core.orderbook.OrderBookNaiveImplExchangeTest" time="0"/>
  <testcase name="shouldIgnoredDuplicateOrder" classname="exchange.core2.core.orderbook.OrderBookNaiveImplExchangeTest" time="0"/>
  <testcase name="multipleCommandsKeepInternalStateTest" classname="exchange.core2.core.orderbook.OrderBookNaiveImplExchangeTest" time="0.353"/>
  <testcase name="shouldMatchFokAskOrderExactExpectation" classname="exchange.core2.core.orderbook.OrderBookNaiveImplExchangeTest" time="0"/>
  <testcase name="shouldAddGtcOrders" classname="exchange.core2.core.orderbook.OrderBookNaiveImplExchangeTest" time="0.001"/>
  <testcase name="shouldFullyMatchMarketableGtcOrder2Prices" classname="exchange.core2.core.orderbook.OrderBookNaiveImplExchangeTest" time="0"/>
  <testcase name="shouldMatchFokBidOrderExactBudget" classname="exchange.core2.core.orderbook.OrderBookNaiveImplExchangeTest" time="0"/>
  <testcase name="shouldRemoveAskOrder" classname="exchange.core2.core.orderbook.OrderBookNaiveImplExchangeTest" time="0"/>
  <testcase name="shouldFullyMatchMarketableGtcOrder" classname="exchange.core2.core.orderbook.OrderBookNaiveImplExchangeTest" time="0"/>
  <testcase name="shouldMatchIocOrderWithTwoLimitOrdersPartial" classname="exchange.core2.core.orderbook.OrderBookNaiveImplExchangeTest" time="0"/>
  <testcase name="shouldMoveOrderExistingBucket" classname="exchange.core2.core.orderbook.OrderBookNaiveImplExchangeTest" time="0"/>
  <testcase name="shouldMatchIocOrderWithRejection" classname="exchange.core2.core.orderbook.OrderBookNaiveImplExchangeTest" time="0"/>
  <testcase name="shouldMoveOrderFullyMatchAsMarketable2Prices" classname="exchange.core2.core.orderbook.OrderBookNaiveImplExchangeTest" time="0"/>
  <testcase name="shouldReduceAskOrder" classname="exchange.core2.core.orderbook.OrderBookNaiveImplExchangeTest" time="0"/>
  <testcase name="shouldMoveOrderFullyMatchAsMarketable" classname="exchange.core2.core.orderbook.OrderBookNaiveImplExchangeTest" time="0"/>
  <testcase name="shouldRejectFokBidOrderOutOfBudget" classname="exchange.core2.core.orderbook.OrderBookNaiveImplExchangeTest" time="0"/>
  <testcase name="shouldRemoveOrderAndEmptyBucket" classname="exchange.core2.core.orderbook.OrderBookNaiveImplExchangeTest" time="0"/>
  <testcase name="shouldMatchFokBidOrderExtraBudget" classname="exchange.core2.core.orderbook.OrderBookNaiveImplExchangeTest" time="0"/>
  <testcase name="shouldMatchFokAskOrderExtraBudget" classname="exchange.core2.core.orderbook.OrderBookNaiveImplExchangeTest" time="0.001"/>
  <testcase name="shouldReturnErrorWhenReducingOtherUserOrder" classname="exchange.core2.core.orderbook.OrderBookNaiveImplExchangeTest" time="0"/>
  <testcase name="shouldReturnErrorWhenReducingUnknownOrder" classname="exchange.core2.core.orderbook.OrderBookNaiveImplExchangeTest" time="0"/>
</testsuite>